<?xml version="1.0" encoding="UTF-8"?>
<coverage generated="1747417535704" clover="3.2.0">
  <project timestamp="1747417535704" name="All files">
    <metrics statements="16" coveredstatements="15" conditionals="4" coveredconditionals="3" methods="8" coveredmethods="7" elements="28" coveredelements="25" complexity="0" loc="16" ncloc="16" packages="4" files="4" classes="4"/>
    <package name="components.shared.navbar">
      <metrics statements="6" coveredstatements="6" conditionals="4" coveredconditionals="3" methods="2" coveredmethods="2"/>
      <file name="user-profile.tsx" path="D:\Program Files\Revature\Nightreign-P2-Frontend\src\components\shared\navbar\user-profile.tsx">
        <metrics statements="6" coveredstatements="6" conditionals="4" coveredconditionals="3" methods="2" coveredmethods="2"/>
        <line num="4" count="1" type="stmt"/>
        <line num="5" count="6" type="stmt"/>
        <line num="7" count="6" type="stmt"/>
        <line num="8" count="6" type="cond" truecount="1" falsecount="1"/>
        <line num="9" count="6" type="stmt"/>
        <line num="12" count="6" type="stmt"/>
      </file>
    </package>
    <package name="components.ui">
      <metrics statements="3" coveredstatements="2" conditionals="0" coveredconditionals="0" methods="3" coveredmethods="2"/>
      <file name="avatar.tsx" path="D:\Program Files\Revature\Nightreign-P2-Frontend\src\components\ui\avatar.tsx">
        <metrics statements="3" coveredstatements="2" conditionals="0" coveredconditionals="0" methods="3" coveredmethods="2"/>
        <line num="12" count="6" type="stmt"/>
        <line num="28" count="0" type="stmt"/>
        <line num="41" count="6" type="stmt"/>
      </file>
    </package>
    <package name="hooks">
      <metrics statements="6" coveredstatements="6" conditionals="0" coveredconditionals="0" methods="2" coveredmethods="2"/>
      <file name="use-get-characters.ts" path="D:\Program Files\Revature\Nightreign-P2-Frontend\src\hooks\use-get-characters.ts">
        <metrics statements="6" coveredstatements="6" conditionals="0" coveredconditionals="0" methods="2" coveredmethods="2"/>
        <line num="5" count="1" type="stmt"/>
        <line num="6" count="4" type="stmt"/>
        <line num="9" count="2" type="stmt"/>
        <line num="10" count="2" type="stmt"/>
        <line num="11" count="1" type="stmt"/>
        <line num="13" count="1" type="stmt"/>
      </file>
    </package>
    <package name="lib">
      <metrics statements="1" coveredstatements="1" conditionals="0" coveredconditionals="0" methods="1" coveredmethods="1"/>
      <file name="utils.ts" path="D:\Program Files\Revature\Nightreign-P2-Frontend\src\lib\utils.ts">
        <metrics statements="1" coveredstatements="1" conditionals="0" coveredconditionals="0" methods="1" coveredmethods="1"/>
        <line num="5" count="12" type="stmt"/>
      </file>
    </package>
  </project>
</coverage>
