{"D:\\Program Files\\Revature\\Nightreign-P2-Frontend\\src\\components\\shared\\navbar\\user-profile.tsx": {"path":"D:\\Program Files\\Revature\\Nightreign-P2-Frontend\\src\\components\\shared\\navbar\\user-profile.tsx","statementMap":{"0":{"start":{"line":4,"column":27},"end":{"line":17,"column":1}},"1":{"start":{"line":5,"column":25},"end":{"line":5,"column":34}},"2":{"start":{"line":7,"column":22},"end":{"line":10,"column":3}},"3":{"start":{"line":8,"column":4},"end":{"line":8,"column":25}},"4":{"start":{"line":8,"column":15},"end":{"line":8,"column":25}},"5":{"start":{"line":9,"column":4},"end":{"line":9,"column":45}},"6":{"start":{"line":12,"column":2},"end":{"line":16,"column":4}}},"fnMap":{"0":{"name":"(anonymous_0)","decl":{"start":{"line":4,"column":27},"end":{"line":4,"column":28}},"loc":{"start":{"line":4,"column":33},"end":{"line":17,"column":1}},"line":4},"1":{"name":"(anonymous_1)","decl":{"start":{"line":7,"column":22},"end":{"line":7,"column":23}},"loc":{"start":{"line":7,"column":40},"end":{"line":10,"column":3}},"line":7}},"branchMap":{"0":{"loc":{"start":{"line":8,"column":4},"end":{"line":8,"column":25}},"type":"if","locations":[{"start":{"line":8,"column":4},"end":{"line":8,"column":25}},{"start":{},"end":{}}],"line":8},"1":{"loc":{"start":{"line":14,"column":35},"end":{"line":14,"column":57}},"type":"binary-expr","locations":[{"start":{"line":14,"column":35},"end":{"line":14,"column":49}},{"start":{"line":14,"column":53},"end":{"line":14,"column":57}}],"line":14}},"s":{"0":1,"1":6,"2":6,"3":6,"4":0,"5":6,"6":6},"f":{"0":6,"1":6},"b":{"0":[0,6],"1":[6,4]},"_coverageSchema":"1a1c01bbd47fc00a2c39e90264f33305004495a9","hash":"652fc0f3e9485ea2790a6b8dfd3d337e8a258ecc"}
,"D:\\Program Files\\Revature\\Nightreign-P2-Frontend\\src\\components\\ui\\avatar.tsx": {"path":"D:\\Program Files\\Revature\\Nightreign-P2-Frontend\\src\\components\\ui\\avatar.tsx","statementMap":{"0":{"start":{"line":12,"column":2},"end":{"line":21,"column":3}},"1":{"start":{"line":28,"column":2},"end":{"line":34,"column":3}},"2":{"start":{"line":41,"column":2},"end":{"line":50,"column":3}}},"fnMap":{"0":{"name":"Avatar","decl":{"start":{"line":8,"column":9},"end":{"line":8,"column":15}},"loc":{"start":{"line":11,"column":54},"end":{"line":22,"column":1}},"line":11},"1":{"name":"AvatarImage","decl":{"start":{"line":24,"column":9},"end":{"line":24,"column":20}},"loc":{"start":{"line":27,"column":55},"end":{"line":35,"column":1}},"line":27},"2":{"name":"AvatarFallback","decl":{"start":{"line":37,"column":9},"end":{"line":37,"column":23}},"loc":{"start":{"line":40,"column":58},"end":{"line":51,"column":1}},"line":40}},"branchMap":{},"s":{"0":6,"1":0,"2":6},"f":{"0":6,"1":0,"2":6},"b":{},"_coverageSchema":"1a1c01bbd47fc00a2c39e90264f33305004495a9","hash":"d0b69a33a9d136cc3c87a895005e7d7883b42816"}
,"D:\\Program Files\\Revature\\Nightreign-P2-Frontend\\src\\hooks\\use-get-characters.ts": {"path":"D:\\Program Files\\Revature\\Nightreign-P2-Frontend\\src\\hooks\\use-get-characters.ts","statementMap":{"0":{"start":{"line":5,"column":32},"end":{"line":17,"column":1}},"1":{"start":{"line":6,"column":4},"end":{"line":16,"column":6}},"2":{"start":{"line":9,"column":12},"end":{"line":14,"column":13}},"3":{"start":{"line":10,"column":33},"end":{"line":10,"column":71}},"4":{"start":{"line":11,"column":16},"end":{"line":11,"column":37}},"5":{"start":{"line":13,"column":16},"end":{"line":13,"column":26}}},"fnMap":{"0":{"name":"(anonymous_0)","decl":{"start":{"line":5,"column":32},"end":{"line":5,"column":33}},"loc":{"start":{"line":5,"column":38},"end":{"line":17,"column":1}},"line":5},"1":{"name":"(anonymous_1)","decl":{"start":{"line":8,"column":17},"end":{"line":8,"column":18}},"loc":{"start":{"line":8,"column":51},"end":{"line":15,"column":9}},"line":8}},"branchMap":{},"s":{"0":1,"1":4,"2":2,"3":2,"4":1,"5":1},"f":{"0":4,"1":2},"b":{},"_coverageSchema":"1a1c01bbd47fc00a2c39e90264f33305004495a9","hash":"a2f3674c29ef2926ab84d6722017254367b5a3f4"}
,"D:\\Program Files\\Revature\\Nightreign-P2-Frontend\\src\\lib\\utils.ts": {"path":"D:\\Program Files\\Revature\\Nightreign-P2-Frontend\\src\\lib\\utils.ts","statementMap":{"0":{"start":{"line":5,"column":2},"end":{"line":5,"column":30}}},"fnMap":{"0":{"name":"cn","decl":{"start":{"line":4,"column":16},"end":{"line":4,"column":18}},"loc":{"start":{"line":4,"column":44},"end":{"line":6,"column":1}},"line":4}},"branchMap":{},"s":{"0":12},"f":{"0":12},"b":{},"_coverageSchema":"1a1c01bbd47fc00a2c39e90264f33305004495a9","hash":"38732e6b9ac61e64c686d9d98c9b6852b12dcf6e"}
}
