TN:
SF:src\components\shared\navbar\user-profile.tsx
FN:4,(anonymous_0)
FN:7,(anonymous_1)
FNF:2
FNH:2
FNDA:6,(anonymous_0)
FNDA:6,(anonymous_1)
DA:4,1
DA:5,6
DA:7,6
DA:8,6
DA:9,6
DA:12,6
LF:6
LH:6
BRDA:8,0,0,0
BRDA:8,0,1,6
BRDA:14,1,0,6
BRDA:14,1,1,4
BRF:4
BRH:3
end_of_record
TN:
SF:src\components\ui\avatar.tsx
FN:8,Avatar
FN:24,AvatarImage
FN:37,AvatarFallback
FNF:3
FNH:2
FNDA:6,Avatar
FNDA:0,AvatarImage
FNDA:6,AvatarFallback
DA:12,6
DA:28,0
DA:41,6
LF:3
LH:2
BRF:0
BRH:0
end_of_record
TN:
SF:src\hooks\use-get-characters.ts
FN:5,(anonymous_0)
FN:8,(anonymous_1)
FNF:2
FNH:2
FNDA:4,(anonymous_0)
FNDA:2,(anonymous_1)
DA:5,1
DA:6,4
DA:9,2
DA:10,2
DA:11,1
DA:13,1
LF:6
LH:6
BRF:0
BRH:0
end_of_record
TN:
SF:src\lib\utils.ts
FN:4,cn
FNF:1
FNH:1
FNDA:12,cn
DA:5,12
LF:1
LH:1
BRF:0
BRH:0
end_of_record
